15/11/2021 
11:55
;; 1. Based on: run003b
;; 2. Description: uncrtnty package
;; x1. Author: le_louedec
$PROB uncrtnty package
$INPUT ID TIME EVID CMT AMT DV MDV
$DATA data003.csv IGNORE=@
$SUB ADVAN1 TRANS1
$PK
K = 0.1; * EXP(ETA(1))
V = 1
S1 = 1
$ERROR
Y = F; + EPS(1)

$OMEGA BLOCK(2) 
1
0.1 1
$OMEGA 2
$OMEGA BLOCK(3)
3
0.3 3
0.03 0.3 3
$OMEGA 4 5
$OMEGA BLOCK(1) 6
$OMEGA BLOCK(1) SAME
$OMEGA 7
$OMEGA 8
$OMEGA BLOCK(2)
1
0.1 1 
$OMEGA BLOCK(2) SAME
$SIM (123) ONLYSIM  
NM-TRAN MESSAGES 
  
 WARNINGS AND ERRORS (IF ANY) FOR PROBLEM    1
             
 (WARNING  1) NM-TRAN INFERS THAT THE DATA ARE SINGLE-SUBJECT.
  NONMEM RUN CANNOT BE PARALLELIZED.
             
 (WARNING  86) WHEN ONLYSIM IS NOT USED, AN ETA VARIABLE MAY BE REQUIRED.
             
 (WARNING  30) $OMEGA INCLUDES A NON-FIXED INITIAL ESTIMATE CORRESPONDING TO
 AN ETA (OR ERR) THAT IS NOT USED IN ABBREVIATED CODE.
  
License Registered to: Institut Claudius Regaud
Expiration Date:    14 MAY 2022
Current Date:       15 NOV 2021
Days until program expires : 184
1NONLINEAR MIXED EFFECTS MODEL PROGRAM (NONMEM) VERSION 7.4.4
 ORIGINALLY DEVELOPED BY STUART BEAL, LEWIS SHEINER, AND ALISON BOECKMANN
 CURRENT DEVELOPERS ARE ROBERT BAUER, ICON DEVELOPMENT SOLUTIONS,
 AND ALISON BOECKMANN. IMPLEMENTATION, EFFICIENCY, AND STANDARDIZATION
 PERFORMED BY NOUS INFOSYSTEMS.

 PROBLEM NO.:         1
 uncrtnty package
0DATA CHECKOUT RUN:              NO
 DATA SET LOCATED ON UNIT NO.:    2
 THIS UNIT TO BE REWOUND:        NO
 NO. OF DATA RECS IN DATA SET:        2
 NO. OF DATA ITEMS IN DATA SET:   8
 ID DATA ITEM IS DATA ITEM NO.:   8
 DEP VARIABLE IS DATA ITEM NO.:   6
 MDV DATA ITEM IS DATA ITEM NO.:  7
0INDICES PASSED TO SUBROUTINE PRED:
   3   2   5   0   0   0   4   0   0   0   0
0LABELS FOR DATA ITEMS:
 ID TIME EVID CMT AMT DV MDV .ID.
0FORMAT FOR DATA:
 (7E4.0,1F2.0)

 TOT. NO. OF OBS RECS:        0
 TOT. NO. OF INDIVIDUALS:        1
0LENGTH OF THETA:   0
0DEFAULT THETA BOUNDARY TEST OMITTED:    NO
0OMEGA HAS BLOCK FORM:
  1
  1  1
  0  0  2
  0  0  0  3
  0  0  0  3  3
  0  0  0  3  3  3
  0  0  0  0  0  0  4
  0  0  0  0  0  0  0  5
  0  0  0  0  0  0  0  0  6
  0  0  0  0  0  0  0  0  0  6
  0  0  0  0  0  0  0  0  0  0  7
  0  0  0  0  0  0  0  0  0  0  0  8
  0  0  0  0  0  0  0  0  0  0  0  0  9
  0  0  0  0  0  0  0  0  0  0  0  0  9  9
  0  0  0  0  0  0  0  0  0  0  0  0  0  0  9
  0  0  0  0  0  0  0  0  0  0  0  0  0  0  9  9
0DEFAULT OMEGA BOUNDARY TEST OMITTED:    NO
0INITIAL ESTIMATE OF OMEGA:
 BLOCK SET NO.   BLOCK                                                                    FIXED
        1                                                                                   NO
                  0.1000E+01
                  0.1000E+00   0.1000E+01
        2                                                                                   NO
                  0.2000E+01
        3                                                                                   NO
                  0.3000E+01
                  0.3000E+00   0.3000E+01
                  0.3000E-01   0.3000E+00   0.3000E+01
        4                                                                                   NO
                  0.4000E+01
        5                                                                                   NO
                  0.5000E+01
        6                                                                                   NO
                  0.6000E+01
        7                                                                                   NO
                  0.7000E+01
        8                                                                                   NO
                  0.8000E+01
        9                                                                                   NO
                  0.1000E+01
                  0.1000E+00   0.1000E+01
0SIMULATION STEP OMITTED:    NO
 OBJ FUNC EVALUATED:         NO
 ORIGINAL DATA USED ON EACH NEW SIMULATION:         NO
 SEEDS RESET ON EACH NEW SUPERSET ITERATION:        YES
0SIMULATION RANDOM METHOD SELECTED (RANMETHOD): 4U
SEED   1 RESET TO INITIAL: YES
 SOURCE   1:
   SEED1:           123   SEED2:             0   PSEUDO-NORMAL
1DOUBLE PRECISION PREDPP VERSION 7.4.4

 ONE COMPARTMENT MODEL (ADVAN1)
0MAXIMUM NO. OF BASIC PK PARAMETERS:   2
0BASIC PK PARAMETERS (AFTER TRANSLATION):
   ELIMINATION RATE (K) IS BASIC PK PARAMETER NO.:  1

0COMPARTMENT ATTRIBUTES
 COMPT. NO.   FUNCTION   INITIAL    ON/OFF      DOSE      DEFAULT    DEFAULT
                         STATUS     ALLOWED    ALLOWED    FOR DOSE   FOR OBS.
    1         CENTRAL      ON         NO         YES        YES        YES
    2         OUTPUT       OFF        YES        NO         NO         NO
1
 ADDITIONAL PK PARAMETERS - ASSIGNMENT OF ROWS IN GG
 COMPT. NO.                             INDICES
              SCALE      BIOAVAIL.   ZERO-ORDER  ZERO-ORDER  ABSORB
                         FRACTION    RATE        DURATION    LAG
    1            3           *           *           *           *
    2            *           -           -           -           -
             - PARAMETER IS NOT ALLOWED FOR THIS MODEL
             * PARAMETER IS NOT SUPPLIED BY PK SUBROUTINE;
               WILL DEFAULT TO ONE IF APPLICABLE
0DATA ITEM INDICES USED BY PRED ARE:
   EVENT ID DATA ITEM IS DATA ITEM NO.:      3
   TIME DATA ITEM IS DATA ITEM NO.:          2
   DOSE AMOUNT DATA ITEM IS DATA ITEM NO.:   5
   COMPT. NO. DATA ITEM IS DATA ITEM NO.:    4

0PK SUBROUTINE CALLED WITH EVERY EVENT RECORD.
 PK SUBROUTINE NOT CALLED AT NONEVENT (ADDITIONAL OR LAGGED) DOSE TIMES.
0DURING SIMULATION, ERROR SUBROUTINE CALLED WITH EVERY EVENT RECORD.
 OTHERWISE, ERROR SUBROUTINE CALLED ONCE PER INDIVIDUAL RECORD.
1
 SIMULATION STEP PERFORMED
 SOURCE  1:
    SEED1:           123   SEED2:             0
 Elapsed simulation  time in seconds:     0.09
 ESTIMATION STEP OMITTED:                 YES
 Elapsed finaloutput time in seconds:     0.00
 #CPUT: Total CPU Time in Seconds,        0.141
Stop Time: 
15/11/2021 
11:55
